# JRE version: OpenJDK Runtime Environment Zulu24.30+11-CA (24.0.1+9) (build 24.0.1+9)
# Java VM: OpenJDK 64-Bit Server VM Zulu24.30+11-CA (24.0.1+9, mixed mode, emulated-client, sharing, tiered, compressed oops, compressed class ptrs, g1 gc, windows-amd64)
GC Precious Log:
 CardTable entry size: 512
 Card Set container configuration: InlinePtr #cards 4 size 8 Array Of Cards #cards 16 size 48 Howl #buckets 8 coarsen threshold 3686 Howl Bitmap #cards 512 size 80 coarsen threshold 460 Card regions per heap region 1 cards per card region 4096
 CPUs: 16 total, 16 available
 Memory: 15628M
 Large Page Support: Disabled
 NUMA Support: Disabled
 Compressed Oops: Enabled (Zero based)
 Heap Region Size: 2M
 Heap Min Capacity: 8M
 Heap Initial Capacity: 246M
 Heap Max Capacity: 3908M
 Pre-touch: Disabled
 Parallel Workers: 13
 Concurrent Workers: 3
 Concurrent Refinement Workers: 13
 Periodic GC: Disabled
Heap:
 garbage-first heap   total reserved 4001792K, committed 79872K, used 38216K [0x000000070bc00000, 0x0000000800000000)
  region size 2048K, 2 young (4096K), 0 survivors (0K)
 Metaspace       used 83316K, committed 83968K, reserved 1179648K
  class space    used 10052K, committed 10368K, reserved 1048576K
GC Heap History (20 events):
Event: 4.763 GC heap before
{Heap before GC invocations=8 (full 0):
 garbage-first heap   total reserved 4001792K, committed 79872K, used 61155K [0x000000070bc00000, 0x0000000800000000)
  region size 2048K, 21 young (43008K), 3 survivors (6144K)
 Metaspace       used 55919K, committed 56384K, reserved 1114112K
  class space    used 6275K, committed 6464K, reserved 1048576K
}
Event: 4.766 GC heap after
{Heap after GC invocations=9 (full 0):
 garbage-first heap   total reserved 4001792K, committed 79872K, used 28325K [0x000000070bc00000, 0x0000000800000000)
  region size 2048K, 3 young (6144K), 3 survivors (6144K)
 Metaspace       used 55919K, committed 56384K, reserved 1114112K
  class space    used 6275K, committed 6464K, reserved 1048576K
}
Event: 4.773 GC heap before
{Heap before GC invocations=9 (full 0):
 garbage-first heap   total reserved 4001792K, committed 79872K, used 28325K [0x000000070bc00000, 0x0000000800000000)
  region size 2048K, 4 young (8192K), 3 survivors (6144K)
 Metaspace       used 55933K, committed 56448K, reserved 1114112K
  class space    used 6277K, committed 6464K, reserved 1048576K
}
Event: 4.775 GC heap after
{Heap after GC invocations=10 (full 0):
 garbage-first heap   total reserved 4001792K, committed 79872K, used 28323K [0x000000070bc00000, 0x0000000800000000)
  region size 2048K, 2 young (4096K), 2 survivors (4096K)
 Metaspace       used 55933K, committed 56448K, reserved 1114112K
  class space    used 6277K, committed 6464K, reserved 1048576K
}
Event: 6.391 GC heap before
{Heap before GC invocations=11 (full 0):
 garbage-first heap   total reserved 4001792K, committed 79872K, used 65187K [0x000000070bc00000, 0x0000000800000000)
  region size 2048K, 20 young (40960K), 2 survivors (4096K)
 Metaspace       used 60570K, committed 61056K, reserved 1114112K
  class space    used 6844K, committed 7040K, reserved 1048576K
}
Event: 6.393 GC heap after
{Heap after GC invocations=12 (full 0):
 garbage-first heap   total reserved 4001792K, committed 79872K, used 30608K [0x000000070bc00000, 0x0000000800000000)
  region size 2048K, 3 young (6144K), 3 survivors (6144K)
 Metaspace       used 60570K, committed 61056K, reserved 1114112K
  class space    used 6844K, committed 7040K, reserved 1048576K
}
Event: 6.770 GC heap before
{Heap before GC invocations=12 (full 0):
 garbage-first heap   total reserved 4001792K, committed 79872K, used 65424K [0x000000070bc00000, 0x0000000800000000)
  region size 2048K, 20 young (40960K), 3 survivors (6144K)
 Metaspace       used 65471K, committed 65984K, reserved 1114112K
  class space    used 7619K, committed 7808K, reserved 1048576K
}
Event: 6.772 GC heap after
{Heap after GC invocations=13 (full 0):
 garbage-first heap   total reserved 4001792K, committed 79872K, used 33125K [0x000000070bc00000, 0x0000000800000000)
  region size 2048K, 3 young (6144K), 3 survivors (6144K)
 Metaspace       used 65471K, committed 65984K, reserved 1114112K
  class space    used 7619K, committed 7808K, reserved 1048576K
}
Event: 6.955 GC heap before
{Heap before GC invocations=13 (full 0):
 garbage-first heap   total reserved 4001792K, committed 79872K, used 63845K [0x000000070bc00000, 0x0000000800000000)
  region size 2048K, 19 young (38912K), 3 survivors (6144K)
 Metaspace       used 68111K, committed 68608K, reserved 1114112K
  class space    used 8118K, committed 8320K, reserved 1048576K
}
Event: 6.957 GC heap after
{Heap after GC invocations=14 (full 0):
 garbage-first heap   total reserved 4001792K, committed 79872K, used 34654K [0x000000070bc00000, 0x0000000800000000)
  region size 2048K, 2 young (4096K), 2 survivors (4096K)
 Metaspace       used 68111K, committed 68608K, reserved 1114112K
  class space    used 8118K, committed 8320K, reserved 1048576K
}
Event: 7.387 GC heap before
{Heap before GC invocations=14 (full 0):
 garbage-first heap   total reserved 4001792K, committed 79872K, used 67422K [0x000000070bc00000, 0x0000000800000000)
  region size 2048K, 19 young (38912K), 2 survivors (4096K)
 Metaspace       used 72804K, committed 73472K, reserved 1114112K
  class space    used 8711K, committed 9024K, reserved 1048576K
}
Event: 7.389 GC heap after
{Heap after GC invocations=15 (full 0):
 garbage-first heap   total reserved 4001792K, committed 79872K, used 36569K [0x000000070bc00000, 0x0000000800000000)
  region size 2048K, 2 young (4096K), 2 survivors (4096K)
 Metaspace       used 72804K, committed 73472K, reserved 1114112K
  class space    used 8711K, committed 9024K, reserved 1048576K
}
Event: 7.694 GC heap before
{Heap before GC invocations=16 (full 0):
 garbage-first heap   total reserved 4001792K, committed 79872K, used 67289K [0x000000070bc00000, 0x0000000800000000)
  region size 2048K, 17 young (34816K), 2 survivors (4096K)
 Metaspace       used 75300K, committed 75904K, reserved 1179648K
  class space    used 9071K, committed 9344K, reserved 1048576K
}
Event: 7.697 GC heap after
{Heap after GC invocations=17 (full 0):
 garbage-first heap   total reserved 4001792K, committed 79872K, used 38881K [0x000000070bc00000, 0x0000000800000000)
  region size 2048K, 3 young (6144K), 3 survivors (6144K)
 Metaspace       used 75300K, committed 75904K, reserved 1179648K
  class space    used 9071K, committed 9344K, reserved 1048576K
}
Event: 7.979 GC heap before
{Heap before GC invocations=17 (full 0):
 garbage-first heap   total reserved 4001792K, committed 79872K, used 65505K [0x000000070bc00000, 0x0000000800000000)
  region size 2048K, 16 young (32768K), 3 survivors (6144K)
 Metaspace       used 77543K, committed 78208K, reserved 1179648K
  class space    used 9364K, committed 9664K, reserved 1048576K
}
Event: 7.982 GC heap after
{Heap after GC invocations=18 (full 0):
 garbage-first heap   total reserved 4001792K, committed 79872K, used 40823K [0x000000070bc00000, 0x0000000800000000)
  region size 2048K, 2 young (4096K), 2 survivors (4096K)
 Metaspace       used 77543K, committed 78208K, reserved 1179648K
  class space    used 9364K, committed 9664K, reserved 1048576K
}
Event: 11.818 GC heap before
{Heap before GC invocations=18 (full 0):
 garbage-first heap   total reserved 4001792K, committed 79872K, used 65399K [0x000000070bc00000, 0x0000000800000000)
  region size 2048K, 15 young (30720K), 2 survivors (4096K)
 Metaspace       used 82652K, committed 83264K, reserved 1179648K
  class space    used 9948K, committed 10176K, reserved 1048576K
}
Event: 11.821 GC heap after
{Heap after GC invocations=19 (full 0):
 garbage-first heap   total reserved 4001792K, committed 79872K, used 44139K [0x000000070bc00000, 0x0000000800000000)
  region size 2048K, 2 young (4096K), 2 survivors (4096K)
 Metaspace       used 82652K, committed 83264K, reserved 1179648K
  class space    used 9948K, committed 10176K, reserved 1048576K
}
Event: 95.551 GC heap before
{Heap before GC invocations=20 (full 0):
 garbage-first heap   total reserved 4001792K, committed 79872K, used 60523K [0x000000070bc00000, 0x0000000800000000)
  region size 2048K, 11 young (22528K), 2 survivors (4096K)
 Metaspace       used 83310K, committed 83968K, reserved 1179648K
  class space    used 10051K, committed 10368K, reserved 1048576K
}
Event: 95.611 GC heap after
{Heap after GC invocations=21 (full 1):
 garbage-first heap   total reserved 4001792K, committed 79872K, used 36168K [0x000000070bc00000, 0x0000000800000000)
  region size 2048K, 0 young (0K), 0 survivors (0K)
 Metaspace       used 83308K, committed 83968K, reserved 1179648K
  class space    used 10050K, committed 10368K, reserved 1048576K
}

